<?xml version="1.0" encoding="UTF-8"?>
<testng-results ignored="0" total="4" passed="4" failed="0" skipped="0">
  <reporter-output>
  </reporter-output>
  <suite started-at="2021-12-29T20:28:15 EET" name="Command line suite" finished-at="2021-12-29T20:28:15 EET" duration-ms="46">
    <groups>
    </groups>
    <test started-at="2021-12-29T20:28:15 EET" name="Command line test" finished-at="2021-12-29T20:28:15 EET" duration-ms="46">
      <class name="testngTest.MySecondTest">
        <test-method signature="secondTest()[pri:0, instance:testngTest.MySecondTest@4ba2ca36]" started-at="2021-12-29T20:28:15 EET" name="secondTest" finished-at="2021-12-29T20:28:15 EET" duration-ms="0" status="PASS">
          <reporter-output>
          </reporter-output>
        </test-method> <!-- secondTest -->
      </class> <!-- testngTest.MySecondTest -->
      <class name="testngTest.MyFirstTest">
        <test-method signature="firstMethod()[pri:1, instance:testngTest.MyFirstTest@b59d31]" started-at="2021-12-29T20:28:15 EET" name="firstMethod" finished-at="2021-12-29T20:28:15 EET" duration-ms="4" status="PASS">
          <reporter-output>
          </reporter-output>
        </test-method> <!-- firstMethod -->
        <test-method signature="aNewTest()[pri:2, instance:testngTest.MyFirstTest@b59d31]" started-at="2021-12-29T20:28:15 EET" name="aNewTest" finished-at="2021-12-29T20:28:15 EET" duration-ms="0" status="PASS">
          <reporter-output>
          </reporter-output>
        </test-method> <!-- aNewTest -->
        <test-method signature="secondMethod()[pri:3, instance:testngTest.MyFirstTest@b59d31]" started-at="2021-12-29T20:28:15 EET" name="secondMethod" finished-at="2021-12-29T20:28:15 EET" duration-ms="0" status="PASS">
          <reporter-output>
          </reporter-output>
        </test-method> <!-- secondMethod -->
      </class> <!-- testngTest.MyFirstTest -->
    </test> <!-- Command line test -->
  </suite> <!-- Command line suite -->
</testng-results>
